<?xml version="1.0" encoding="UTF-8"?>
<!-- Generated by org.testng.reporters.JUnitReportReporter -->
<testsuite hostname="DESKTOP-9UNLTPL" failures="0" tests="1" name="test3.Test3" time="0.020" errors="0" timestamp="2020-10-14T11:00:12 COT" skipped="0">
  <testcase classname="test3.Test3" name="verifyHomepageTitle" time="0.020"/>
  <system-out/>
</testsuite> <!-- test3.Test3 -->
