<?xml version="1.0" encoding="UTF-8"?>
<!-- Generated by org.testng.reporters.JUnitReportReporter -->
<testsuite hostname="DESKTOP-9UNLTPL" failures="0" tests="2" name="practica2.VerificarTitulos2" time="2.547" errors="0" timestamp="2020-10-14T12:59:31 COT" skipped="0">
  <testcase classname="practica2.VerificarTitulos2" name="verifyRegisterTitle" time="1.112"/>
  <system-out/>
  <testcase classname="practica2.VerificarTitulos2" name="verifySupportTitle" time="1.435"/>
  <system-out/>
</testsuite> <!-- practica2.VerificarTitulos2 -->
