<?xml version="1.0" encoding="UTF-8"?>
<!-- Generated by org.testng.reporters.JUnitReportReporter -->
<testsuite hostname="DESKTOP-9UNLTPL" failures="0" tests="2" name="practica1.VerificarTitulos" time="0.163" errors="0" timestamp="2020-10-14T11:29:33 COT" skipped="0">
  <testcase classname="practica1.VerificarTitulos" name="validarTituloRegister" time="0.101"/>
  <system-out/>
  <testcase classname="practica1.VerificarTitulos" name="validarTituloSupport" time="0.062"/>
  <system-out/>
</testsuite> <!-- practica1.VerificarTitulos -->
